[debug] [2020-05-14T01:15:01.857Z] ----------------------------------------------------------------------
[debug] [2020-05-14T01:15:01.863Z] Command:       C:\Program Files\nodejs\node.exe C:\Users\jilby\AppData\Roaming\npm\node_modules\firebase-tools\lib\bin\firebase.js serve
[debug] [2020-05-14T01:15:01.864Z] CLI Version:   8.2.0
[debug] [2020-05-14T01:15:01.864Z] Platform:      win32
[debug] [2020-05-14T01:15:01.864Z] Node Version:  v14.1.0
[debug] [2020-05-14T01:15:01.868Z] Time:          Thu May 14 2020 11:15:01 GMT+1000 (Australian Eastern Standard Time)
[debug] [2020-05-14T01:15:01.869Z] ----------------------------------------------------------------------
[debug] [2020-05-14T01:15:01.869Z] 
[debug] [2020-05-14T01:15:01.894Z] > command requires scopes: ["email","openid","https://www.googleapis.com/auth/cloudplatformprojects.readonly","https://www.googleapis.com/auth/firebase","https://www.googleapis.com/auth/cloud-platform"]
[debug] [2020-05-14T01:15:01.895Z] > authorizing via signed-in user
[debug] [2020-05-14T01:15:01.895Z] [iam] checking project socialnet-5f6b5 for permissions ["firebase.projects.get"]
[debug] [2020-05-14T01:15:01.901Z] >>> HTTP REQUEST POST https://cloudresourcemanager.googleapis.com/v1/projects/socialnet-5f6b5:testIamPermissions  
 {"permissions":["firebase.projects.get"]}
[debug] [2020-05-14T01:15:02.442Z] <<< HTTP RESPONSE 200 {"content-type":"application/json; charset=UTF-8","vary":"X-Origin, Referer, Origin,Accept-Encoding","date":"Thu, 14 May 2020 01:15:01 GMT","server":"ESF","cache-control":"private","x-xss-protection":"0","x-frame-options":"SAMEORIGIN","x-content-type-options":"nosniff","server-timing":"gfet4t7; dur=234","alt-svc":"h3-27=\":443\"; ma=2592000,h3-25=\":443\"; ma=2592000,h3-T050=\":443\"; ma=2592000,h3-Q050=\":443\"; ma=2592000,h3-Q049=\":443\"; ma=2592000,h3-Q048=\":443\"; ma=2592000,h3-Q046=\":443\"; ma=2592000,h3-Q043=\":443\"; ma=2592000,quic=\":443\"; ma=2592000; v=\"46,43\"","accept-ranges":"none","transfer-encoding":"chunked"}
[debug] [2020-05-14T01:15:02.447Z] >>> HTTP REQUEST GET https://firebase.googleapis.com/v1beta1/projects/socialnet-5f6b5  
 
[debug] [2020-05-14T01:15:02.942Z] <<< HTTP RESPONSE 200 {"content-type":"application/json; charset=UTF-8","vary":"X-Origin, Referer, Origin,Accept-Encoding","date":"Thu, 14 May 2020 01:15:02 GMT","server":"ESF","cache-control":"private","x-xss-protection":"0","x-frame-options":"SAMEORIGIN","x-content-type-options":"nosniff","alt-svc":"h3-27=\":443\"; ma=2592000,h3-25=\":443\"; ma=2592000,h3-T050=\":443\"; ma=2592000,h3-Q050=\":443\"; ma=2592000,h3-Q049=\":443\"; ma=2592000,h3-Q048=\":443\"; ma=2592000,h3-Q046=\":443\"; ma=2592000,h3-Q043=\":443\"; ma=2592000,quic=\":443\"; ma=2592000; v=\"46,43\"","accept-ranges":"none","transfer-encoding":"chunked"}
[info] 
[info] === Serving from 'C:\Users\jilby\Desktop\socialnet'...
[info] 
[warn] !  Your requested "node" version "8" doesn't match your global version "14"
[info] +  functions: functions emulator started at http://localhost:5000
[info] i  functions: Watching "C:\Users\jilby\Desktop\socialnet\functions" for Cloud Functions...
[debug] [2020-05-14T01:15:05.273Z] [worker-pool] addWorker(~diagnostic~) 
[debug] [2020-05-14T01:15:05.274Z] [worker-pool] Adding worker with key ~diagnostic~, total=1 
[debug] [2020-05-14T01:15:05.275Z] [worker-pool] submitWork(triggerId=) 
[debug] [2020-05-14T01:15:05.277Z] [worker-~diagnostic~-8415ba32-c384-4f42-8ccf-0e529ac0af95]: Assigning socketPath: \\?\pipe\C:\Users\jilby\Desktop\socialnet\functions\4164 
[debug] [2020-05-14T01:15:05.280Z] [worker-~diagnostic~-8415ba32-c384-4f42-8ccf-0e529ac0af95]: BUSY 
[debug] [2020-05-14T01:15:06.204Z] [runtime-status] [4164] Functions runtime initialized. {"cwd":"C:\\Users\\jilby\\Desktop\\socialnet\\functions","node_version":"14.1.0"} 
[debug] [2020-05-14T01:15:06.205Z] [runtime-status] [4164] Disabled runtime features: undefined 
[debug] [2020-05-14T01:15:06.211Z] [runtime-status] [4164] Resolved module firebase-admin {"declared":true,"installed":true,"version":"8.12.1","resolution":"C:\\Users\\jilby\\Desktop\\socialnet\\functions\\node_modules\\firebase-admin\\lib\\index.js"} 
[debug] [2020-05-14T01:15:06.217Z] [runtime-status] [4164] Resolved module firebase-functions {"declared":true,"installed":true,"version":"3.6.1","resolution":"C:\\Users\\jilby\\Desktop\\socialnet\\functions\\node_modules\\firebase-functions\\lib\\index.js"} 
[debug] [2020-05-14T01:15:06.221Z] [runtime-status] [4164] Outgoing network have been stubbed. [{"name":"http","status":"mocked"},{"name":"http","status":"mocked"},{"name":"https","status":"mocked"},{"name":"https","status":"mocked"},{"name":"net","status":"mocked"}] 
[debug] [2020-05-14T01:15:06.350Z] [runtime-status] [4164] Checked functions.config() {"config":{}} 
[debug] [2020-05-14T01:15:06.352Z] [runtime-status] [4164] Resolved module firebase-functions {"declared":true,"installed":true,"version":"3.6.1","resolution":"C:\\Users\\jilby\\Desktop\\socialnet\\functions\\node_modules\\firebase-functions\\lib\\index.js"} 
[debug] [2020-05-14T01:15:06.356Z] [runtime-status] [4164] Resolved module firebase-admin {"declared":true,"installed":true,"version":"8.12.1","resolution":"C:\\Users\\jilby\\Desktop\\socialnet\\functions\\node_modules\\firebase-admin\\lib\\index.js"} 
[debug] [2020-05-14T01:15:06.357Z] [runtime-status] [4164] Resolved module firebase-functions {"declared":true,"installed":true,"version":"3.6.1","resolution":"C:\\Users\\jilby\\Desktop\\socialnet\\functions\\node_modules\\firebase-functions\\lib\\index.js"} 
[debug] [2020-05-14T01:15:06.358Z] [runtime-status] [4164] firebase-admin has been stubbed. {"adminResolution":{"declared":true,"installed":true,"version":"8.12.1","resolution":"C:\\Users\\jilby\\Desktop\\socialnet\\functions\\node_modules\\firebase-admin\\lib\\index.js"}} 
[debug] [2020-05-14T01:15:06.833Z] [runtime-status] [4164] initializeApp(DEFAULT) {"databaseURL":"https://socialnet-5f6b5.firebaseio.com","storageBucket":"socialnet-5f6b5.appspot.com","projectId":"socialnet-5f6b5"} 
[warn] !  functions: The Cloud Firestore emulator is not running, so calls to Firestore will affect production.
[info] +  functions[api]: http function initialized (http://localhost:5000/socialnet-5f6b5/us-central1/api).
[debug] [2020-05-14T01:15:09.189Z] [worker-~diagnostic~-8415ba32-c384-4f42-8ccf-0e529ac0af95]: IDLE 
[debug] [2020-05-14T01:15:27.854Z] [work-queue] {"queueLength":1,"workRunningCount":0}
[debug] [2020-05-14T01:15:27.856Z] [work-queue] {"queueLength":0,"workRunningCount":1}
[debug] [2020-05-14T01:15:27.857Z] Accepted request POST /socialnet-5f6b5/us-central1/api/user/uploadImage --> api
[debug] [2020-05-14T01:15:27.897Z] [worker-pool] addWorker(api) 
[debug] [2020-05-14T01:15:27.898Z] [worker-pool] Adding worker with key api, total=1 
[debug] [2020-05-14T01:15:27.899Z] [worker-pool] submitWork(triggerId=api) 
[debug] [2020-05-14T01:15:27.900Z] [worker-api-011ed343-f3e5-4b30-a8a7-99c26c835f1e]: Assigning socketPath: \\?\pipe\C:\Users\jilby\Desktop\socialnet\functions\932 
[debug] [2020-05-14T01:15:27.901Z] [worker-api-011ed343-f3e5-4b30-a8a7-99c26c835f1e]: BUSY 
[debug] [2020-05-14T01:15:29.458Z] [runtime-status] [932] Functions runtime initialized. {"cwd":"C:\\Users\\jilby\\Desktop\\socialnet\\functions","node_version":"14.1.0"} 
[debug] [2020-05-14T01:15:29.464Z] [runtime-status] [932] Disabled runtime features: undefined 
[debug] [2020-05-14T01:15:29.473Z] [runtime-status] [932] Resolved module firebase-admin {"declared":true,"installed":true,"version":"8.12.1","resolution":"C:\\Users\\jilby\\Desktop\\socialnet\\functions\\node_modules\\firebase-admin\\lib\\index.js"} 
[debug] [2020-05-14T01:15:29.479Z] [runtime-status] [932] Resolved module firebase-functions {"declared":true,"installed":true,"version":"3.6.1","resolution":"C:\\Users\\jilby\\Desktop\\socialnet\\functions\\node_modules\\firebase-functions\\lib\\index.js"} 
[debug] [2020-05-14T01:15:29.484Z] [runtime-status] [932] Outgoing network have been stubbed. [{"name":"http","status":"mocked"},{"name":"http","status":"mocked"},{"name":"https","status":"mocked"},{"name":"https","status":"mocked"},{"name":"net","status":"mocked"}] 
[debug] [2020-05-14T01:15:29.707Z] [runtime-status] [932] Checked functions.config() {"config":{}} 
[debug] [2020-05-14T01:15:29.713Z] [runtime-status] [932] Resolved module firebase-functions {"declared":true,"installed":true,"version":"3.6.1","resolution":"C:\\Users\\jilby\\Desktop\\socialnet\\functions\\node_modules\\firebase-functions\\lib\\index.js"} 
[debug] [2020-05-14T01:15:29.717Z] [runtime-status] [932] Resolved module firebase-admin {"declared":true,"installed":true,"version":"8.12.1","resolution":"C:\\Users\\jilby\\Desktop\\socialnet\\functions\\node_modules\\firebase-admin\\lib\\index.js"} 
[debug] [2020-05-14T01:15:29.718Z] [runtime-status] [932] Resolved module firebase-functions {"declared":true,"installed":true,"version":"3.6.1","resolution":"C:\\Users\\jilby\\Desktop\\socialnet\\functions\\node_modules\\firebase-functions\\lib\\index.js"} 
[debug] [2020-05-14T01:15:29.719Z] [runtime-status] [932] firebase-admin has been stubbed. {"adminResolution":{"declared":true,"installed":true,"version":"8.12.1","resolution":"C:\\Users\\jilby\\Desktop\\socialnet\\functions\\node_modules\\firebase-admin\\lib\\index.js"}} 
[debug] [2020-05-14T01:15:30.161Z] [runtime-status] [932] initializeApp(DEFAULT) {"databaseURL":"https://socialnet-5f6b5.firebaseio.com","storageBucket":"socialnet-5f6b5.appspot.com","projectId":"socialnet-5f6b5"} 
[warn] !  functions: The Cloud Firestore emulator is not running, so calls to Firestore will affect production.
[debug] [2020-05-14T01:15:31.927Z] [runtime-status] [932] Trigger "api" has been found, beginning invocation! 
[info] i  functions: Beginning execution of "api"
[debug] [2020-05-14T01:15:31.930Z] [runtime-status] [932] triggerDefinition {"httpsTrigger":{},"name":"api","entryPoint":"api"} 
[debug] [2020-05-14T01:15:31.930Z] [runtime-status] [932] Running api in mode HTTPS 
[debug] [2020-05-14T01:15:31.942Z] [runtime-status] [932] Attempting to listen to socketPath: \\?\pipe\C:\Users\jilby\Desktop\socialnet\functions\932 
[debug] [2020-05-14T01:15:31.955Z] [functions] Runtime ready! Sending request! 
[debug] [2020-05-14T01:15:31.989Z] [runtime-status] [932] Ephemeral server handling POST request 
[debug] [2020-05-14T01:15:32.571Z] [runtime-status] [932] Ephemeral server survived. 
[warn] !  External network resource requested!
   - URL: "http://169.254.169.254/computeMetadata/v1/instance"
 - Be careful, this may be a production service.
[warn] !  External network resource requested!
   - URL: "http://metadata.google.internal./computeMetadata/v1/instance"
 - Be careful, this may be a production service.
[info] >  Error while verifying token:  Error: Could not load the default credentials. Browse to https://cloud.google.com/docs/authentication/getting-started for more information. {"user":"Error while verifying token:  Error: Could not load the default credentials. Browse to https://cloud.google.com/docs/authentication/getting-started for more information."}
[info] >      at GoogleAuth.getApplicationDefaultAsync (C:\Users\jilby\Desktop\socialnet\functions\node_modules\google-auth-library\build\src\auth\googleauth.js:160:19) {"user":"    at GoogleAuth.getApplicationDefaultAsync (C:\\Users\\jilby\\Desktop\\socialnet\\functions\\node_modules\\google-auth-library\\build\\src\\auth\\googleauth.js:160:19)"}
[info] >      at processTicksAndRejections (internal/process/task_queues.js:97:5) {"user":"    at processTicksAndRejections (internal/process/task_queues.js:97:5)"}
[info] >      at async GoogleAuth.getClient (C:\Users\jilby\Desktop\socialnet\functions\node_modules\google-auth-library\build\src\auth\googleauth.js:502:17) {"user":"    at async GoogleAuth.getClient (C:\\Users\\jilby\\Desktop\\socialnet\\functions\\node_modules\\google-auth-library\\build\\src\\auth\\googleauth.js:502:17)"}
[info] >      at async GrpcClient._getCredentials (C:\Users\jilby\Desktop\socialnet\functions\node_modules\google-gax\build\src\grpc.js:92:24) {"user":"    at async GrpcClient._getCredentials (C:\\Users\\jilby\\Desktop\\socialnet\\functions\\node_modules\\google-gax\\build\\src\\grpc.js:92:24)"}
[info] >      at async GrpcClient.createStub (C:\Users\jilby\Desktop\socialnet\functions\node_modules\google-gax\build\src\grpc.js:213:23) {"user":"    at async GrpcClient.createStub (C:\\Users\\jilby\\Desktop\\socialnet\\functions\\node_modules\\google-gax\\build\\src\\grpc.js:213:23)"}
[info] i  functions: Finished "api" in ~10s
[debug] [2020-05-14T01:15:42.378Z] [worker-api-011ed343-f3e5-4b30-a8a7-99c26c835f1e]: IDLE 
[debug] [2020-05-14T01:15:42.380Z] [work-queue] {"queueLength":0,"workRunningCount":0}
